Build started 30/09/2015 13:37:02.
     1>Project "C:\Users\Sergio\documents\visual studio 2013\Projects\Zork_game\Zork_game\Zork_game.vcxproj" on node 2 (Build target(s)).
     1>ClCompile:
         C:\Program Files (x86)\Microsoft Visual Studio 12.0\VC\bin\CL.exe /c /ZI /nologo /W3 /WX- /sdl /Od /Oy- /D _MBCS /Gm /EHsc /RTC1 /MDd /GS /fp:precise /Zc:wchar_t /Zc:forScope /Fo"Debug\\" /Fd"Debug\vc120.pdb" /Gd /TP /analyze- /errorReport:prompt main.cpp
         main.cpp
     1>c:\users\sergio\documents\visual studio 2013\projects\zork_game\zork_game\cell.h(33): warning C4018: '<' : signed/unsigned mismatch
     1>c:\users\sergio\documents\visual studio 2013\projects\zork_game\zork_game\map.h(97): warning C4060: switch statement contains no 'case' or 'default' labels
     1>c:\users\sergio\documents\visual studio 2013\projects\zork_game\zork_game\main.cpp(14): error C2661: 'Map::Map' : no overloaded function takes 2 arguments
     1>Done Building Project "C:\Users\Sergio\documents\visual studio 2013\Projects\Zork_game\Zork_game\Zork_game.vcxproj" (Build target(s)) -- FAILED.

Build FAILED.

Time Elapsed 00:00:05.12
